54.21120178756173
57.562539340971284
63.952150504109675
87.77137332821823
83.18180062062373
83.18180062062373
68.40282814636134
63.45727493497403
66.48196393124316
79.699428753608
49.05204584912515
52.336821251560295
72.27834855041137
71.10862411847623
50.36021848252178
87.10050512714447
72.91030371170781
47.022156411316004
59.93418090318327
86.44563298602334
60.59703025926859
57.65684796251552
30.781340269610713
38.17989758888652
47.5951558975417
58.50478383049641
47.5951558975417
30.155029198470878
21.95520409754508
23.81605183657351
51.13798032239855
56.200828887644526
61.642656280851135
33.8933529117617
45.32022952011547
44.33395141949443
82.93606144949321
82.93606144949321
67.48913185157767
46.6351289418041
34.583111520796855
33.53671881116033
46.5919240557742
84.82135396770549
80.30260983422876
52.64530046523374
37.61524098758686
34.78297384118217
78.68791637038186
76.24345537813085
45.06069597015441
38.760620615885536
58.69914786622695
49.43261328825338
69.8598479121394
59.041278381432086
79.13726782018105
84.85407897723046
84.85407897723046
84.85407897723046
54.06354248976538
38.703669944696145
70.24846299352706
76.59422849877677
76.59422849877677
69.01372671090692
78.01270245332924
75.30168381843389
43.25307727072111
90.95666970593143
55.08405618102458
49.42098783213033
70.6407001525662
45.75769077839288
45.63389572377632
46.16642867772223
34.81195173998539
29.847458960098226
66.35621231676035
56.7881667745817
42.2575783710386
67.22460302153786
67.22460302153786
31.631566811456008
46.74281692875986
51.31142496044827
47.203392907202954
96.07894391523232
81.99361296895385
68.97479346054409
67.35211184255078
54.0418805607776
53.41701392245992
0.0
38.68581818293277
27.693481162988714
69.3945389602131
33.06242912975579
44.9640841751367
62.56538561604215
61.80687713056897
57.6091046275884
34.82990918507537
61.187298789782766
27.749799630666196
76.65936070959262
71.87500424710238
68.83596922682553
94.87294800164372
76.43838122940672
76.43838122940672
73.49226933323486
41.84093599152055
49.36087730408081
59.216790483399876
44.39719086407069
31.194288655300383
62.7437324488057
73.75254351474567
62.7437324488057
68.9859230408108
59.90686183362658
70.65813137278579
57.6091046275884
64.72859418230064
41.389862553051344
18.98228299043667
22.022868845463385
20.7685192922449
71.81331557782075
57.588056334880235
65.83235410513394
75.17092946515986
70.62594378058554
45.52676342950575
58.74812720260253
59.770216974413785
54.484788801314366
50.70399082252705
40.468246170733146
37.22992336684907
79.93658519955716
69.52936684882091
59.551825970151484
66.7458456156469
79.64013612525851
58.77840417863172
71.83789662087125
53.0269267409329
42.4322994000849
39.3860771083521
50.367237732140794
38.1146347736664
74.35709121989554
67.27040414902417
60.091636089049516
11.703565707499084
62.03755830384784
64.17348915857418
79.13547592495158
84.28064705230905
83.43864913664683
65.77019492208184
74.38706185696493
57.788361873676934
95.55630362682844
95.55630362682844
80.96507832553752
46.573609786948744
85.48651952212403
42.55478193760079
30.85450445145428
53.34854625057418
35.76059997861931
52.902308353428836
53.583005613154924
43.8217843882005
79.44246516060784
67.38651265008477
42.411967670141784
86.01391404758658
78.58922558756602
80.29567848001705
57.40444649432459
50.56967074374724
42.27948324917358
74.92587131922653
94.28731438548749
94.28731438548749
19.350691323267483
21.78674679293205
30.40585452642049
44.131498246041964
60.29754664518183
52.78802993496618
25.670705659941795
70.63486135430558
0.0
47.504498046196645
69.26453368455323
48.521935294263216
76.45327872796153
42.73253652849029
51.56111029069878
68.79419393521873
68.79419393521873
75.21029227024705
59.346879746630854
69.5919759131132
53.46190870301285
50.18135994372067
52.149009101814315
40.95446467111113
48.78716491735486
50.34086982829309
55.534651054576514
0.0
0.0
16.9398499987232
53.3416035999674
61.793964380019894
95.34969548334766
81.53413182203629
73.4814109562212
81.53413182203629
87.97730556350868
83.90782502060267
87.43414417652072
49.5342038549578
55.76859463098628
56.99651025787208
59.899706237840746
59.899706237840746
42.70675809624104
61.31560232687128
71.99580288917221
67.8705584627621
44.45987742812259
64.57266529537502
78.05869665193089
63.69768191552154
48.0515563179856
30.980689004406376
51.58035568453653
51.58035568453653
60.15875893714521
89.44411154911319
57.78258681854081
64.23509216504316
44.647432243884836
39.73666704775181
72.17295966734423
52.277515976431566
72.33048701135152
74.83887768557713
33.192385849649256
33.192385849649256
25.264736339869625
49.98605883037514
35.141752326603495
21.944097437422137
46.217110584103175
40.6811119042446
40.6811119042446
43.28097707499213
39.96523543904661
41.6232912234877
85.54726640414349
84.02971749021705
53.30306701544343
66.12544558181894
76.2611720295997
66.22852531102042
51.34500393610962
77.55666041556775
64.84256653506331
77.6855786013478
77.6855786013478
77.6855786013478
41.8495644156927
64.46476928334648
70.50180175942845
82.04492247322884
82.04492247322884
83.1185766689686
85.90035025193215
97.33349348192527
66.39339589846705
35.60414317546837
35.654226909875945
22.935853501058066
61.92209926146077
59.09246512454365
61.92209926146077
83.62886972049357
71.06522337163773
63.36219375156384
64.09469846516878
48.96801128876358
67.2887003461636
54.5472910685599
19.71323307228177
21.534597645653108
30.283529968303746
33.24499687124518
40.8411508986252
73.63203407082369
49.382748856723744
60.46935358557014
58.211626524661106
41.24916616769711
33.340759438794926
61.82013682539468
59.45337936836711
53.20574210381338
70.6869233733044
56.92411533353263
61.50046658050229
67.47799968334309
0.0
57.1272354369167
47.00085198301261
44.76534346953749
52.23403428676815
44.17179753220019
50.437512623949345
58.72063497400586
95.91894571091382
57.9994141192816
37.38568654912093
73.92659613275264
69.21676875105598
51.26502168410189
79.5801923519136
82.38238163278308
81.54503676685925
57.03913955566977
63.63318363917837
70.41730532627594
76.1827408333416
56.42499050012735
75.03721585560761
95.55630362682844
84.16346004872248
84.16346004872248
