---------------------------------------------
P1 ROUGE-1 Average_R: 0.77727 (95%-conf.int. 0.74800 - 0.80557)
P1 ROUGE-1 Average_P: 0.76156 (95%-conf.int. 0.73291 - 0.78815)
P1 ROUGE-1 Average_F: 0.76856 (95%-conf.int. 0.74003 - 0.79557)
---------------------------------------------
P1 ROUGE-2 Average_R: 0.66773 (95%-conf.int. 0.62424 - 0.70811)
P1 ROUGE-2 Average_P: 0.65354 (95%-conf.int. 0.61184 - 0.69371)
P1 ROUGE-2 Average_F: 0.65987 (95%-conf.int. 0.61730 - 0.69959)
---------------------------------------------
P1 ROUGE-3 Average_R: 0.62007 (95%-conf.int. 0.57248 - 0.66322)
P1 ROUGE-3 Average_P: 0.60619 (95%-conf.int. 0.55993 - 0.65096)
P1 ROUGE-3 Average_F: 0.61236 (95%-conf.int. 0.56540 - 0.65542)
---------------------------------------------
P1 ROUGE-4 Average_R: 0.58356 (95%-conf.int. 0.53463 - 0.62915)
P1 ROUGE-4 Average_P: 0.56995 (95%-conf.int. 0.51975 - 0.61672)
P1 ROUGE-4 Average_F: 0.57597 (95%-conf.int. 0.52638 - 0.62334)
---------------------------------------------
P1 ROUGE-L Average_R: 0.72667 (95%-conf.int. 0.69112 - 0.75985)
P1 ROUGE-L Average_P: 0.71202 (95%-conf.int. 0.67720 - 0.74596)
P1 ROUGE-L Average_F: 0.71856 (95%-conf.int. 0.68360 - 0.75226)
---------------------------------------------
P1 ROUGE-W-1.2 Average_R: 0.39172 (95%-conf.int. 0.37101 - 0.41046)
P1 ROUGE-W-1.2 Average_P: 0.69143 (95%-conf.int. 0.65538 - 0.72594)
P1 ROUGE-W-1.2 Average_F: 0.49957 (95%-conf.int. 0.47338 - 0.52389)
---------------------------------------------
P1 ROUGE-S* Average_R: 0.61033 (95%-conf.int. 0.56477 - 0.65556)
P1 ROUGE-S* Average_P: 0.58742 (95%-conf.int. 0.54430 - 0.62988)
P1 ROUGE-S* Average_F: 0.59639 (95%-conf.int. 0.55404 - 0.63900)
---------------------------------------------
P1 ROUGE-SU* Average_R: 0.62634 (95%-conf.int. 0.58216 - 0.67065)
P1 ROUGE-SU* Average_P: 0.60370 (95%-conf.int. 0.56248 - 0.64494)
P1 ROUGE-SU* Average_F: 0.61267 (95%-conf.int. 0.57171 - 0.65331)
