13.135970838080544
13.094328396058138
12.728297241598858
32.82518529729175
31.525940225190375
92.71474438253493
37.85745135821406
41.653935052504146
41.653935052504146
33.52430929236216
0.0
0.0
14.440028187544327
20.26478723972883
27.138870094873603
46.92470064105599
16.460318153200408
71.77659214467677
21.522211593400456
78.60753021519787
15.216024072031612
40.872616590489855
32.24480215988163
41.94586780383904
17.500912716651218
23.939980573421398
73.31765459202478
75.0693572887501
35.566964496992306
23.939980573421398
30.620490882364876
0.0
60.26080978557137
31.53554052490132
30.620490882364876
60.5478327168454
20.05898788967174
31.420504922717058
20.545153901775002
61.53267326643309
8.898499138468955
13.254074508773828
0.0
60.26080978557137
39.3755531055134
48.442732379638635
31.624219250743117
48.442732379638635
48.442732379638635
24.471524002652657
15.36429878329218
16.495067159179012
20.76047003130265
22.686182598679874
0.0
28.908708788193227
32.0624273312506
15.551651614706794
38.0913704166708
28.479942163807365
26.332019392396333
0.0
0.0
23.961829057131983
21.62886790837339
0.0
0.0
46.08636396914616
11.819604844594735
0.0
19.31819091990038
85.07331335123524
62.62844962765469
21.58150833986898
26.325892882167267
16.996005791513966
5.883307233354267
0.0
30.096441267171585
26.089939795640397
15.10703233299344
19.8437208189789
0.0
18.409401356937146
41.722614486115056
35.45968452939003
10.90009697802911
0.0
36.314748337164254
11.856660123276004
26.32993138052047
17.02401974112049
22.921756858773577
21.647200687300835
18.99689164785184
2.5298439872324394
0.06928804585304378
8.70458977726377
15.82341759519314
33.02232277439296
65.37608249810562
42.14419470266841
59.13198293301745
50.94941286103934
42.220506751668665
0.0
0.0
0.0
0.0
0.0
23.198210427894825
45.75677299629011
23.3980925959317
51.003234295212685
59.86357189097663
18.026837411999267
29.05374198590231
24.808415001701817
53.877222204703614
23.679007297256227
51.41601168922608
68.3198381152456
75.51278585711837
94.19661180380055
31.66883661102926
44.13958464092937
45.98349197958683
44.13958464092937
0.0
44.13958464092937
32.11211581153877
42.89725894405078
26.167475767017738
15.7188773630212
35.897462595683535
61.80687713056897
39.76611122500546
64.72859418230064
57.6091046275884
49.73026662812634
39.263892465370596
51.13798032239855
65.72484646088462
11.762852223658006
62.55340042200862
78.60753021519787
30.960799216030626
9.71390542765866
46.92470064105599
78.60753021519787
38.39817133079349
51.84989152196751
34.49843167856794
33.23217739558646
69.34399147150091
24.160433642475823
24.515235346013313
14.81394578697113
24.160433642475823
14.684703288438406
12.216075183025819
5.468777216000174
0.0
8.15845691672693
41.21183751323028
33.8933529117617
13.410639648320277
49.40287800412557
47.82766837645798
49.79134660020491
30.05416624356884
25.510012742866266
37.878656125794805
28.86903238098902
30.850182082665267
40.28998029112093
15.415064977510756
24.030080608001235
21.163156605159923
29.074455637127194
15.668201805752997
13.417679370846164
21.993427205544087
22.74002285755513
28.99843155828256
30.65371989585658
14.718174655028465
30.65371989585658
20.68003865784483
29.452884374019465
29.695424577627765
11.968138528891673
14.436330722809851
15.135083236344684
10.472256835397266
17.608973263913022
12.964165141510787
26.6414896043336
14.52618993685956
33.75554400089815
54.28586816526576
0.0
38.938362666627455
24.042111100443105
35.384874656137235
22.020875635137585
0.0
64.59962562244405
16.97038062366338
57.81724197275698
37.74024139622455
58.30738459889046
33.16520046364249
47.17689621306842
13.85923598021568
13.308442527111023
10.03880117368864
15.875722180934988
32.56337031268024
0.0
43.39137881354802
69.52582546166497
52.92031904718658
54.999551906448296
69.52582546166497
24.808415001701817
0.0
19.63729254765019
26.70976496992394
22.076069962602553
71.28736748247594
38.1640062241778
55.20516129306314
71.28736748247594
38.1640062241778
53.107253497886994
0.0
0.0
12.157770422448946
0.0
34.537865578685036
34.537865578685036
20.11977440696486
29.347235821020977
34.537865578685036
39.0691027895977
20.82198320914845
58.67121658230723
51.74260437072166
65.77160909911662
15.544349201481008
15.544349201481008
15.544349201481008
38.76335436058363
23.272933152125173
23.63963934970556
42.46625358328364
19.11644516773483
48.75105668308637
30.173602716804254
25.41348421534503
25.41348421534503
24.88872180259775
55.936849159330734
64.79121525090147
25.924945760983757
20.287366424876012
19.140904067303836
21.867568740488228
15.33448656742503
41.488865152565225
50.361626663584126
45.80254695375811
20.333448190047886
19.0585840000859
16.548152527979923
24.89727535124436
51.42401605028263
0.0
59.56403592718089
12.740810460323601
17.685589064977627
26.07476766932047
12.740810460323601
27.412389435072825
33.649324423301515
14.7474272265169
16.161948898602173
0.0
33.649324423301515
13.534729403533568
64.69091308861157
53.357538508958626
13.182877145894317
40.69450475534242
26.025627056384348
30.145280436636924
14.886770103493669
36.77431995760312
23.05089862656663
0.0
0.0
0.0
0.0
22.991926410031134
42.89725894405078
32.11211581153877
75.06346798217074
13.872638167626056
42.89725894405078
14.14499360550191
67.48913185157767
62.28652537514824
50.08597985373081
59.45636567568118
41.07267548317981
23.713320246552005
19.28576545653753
36.42819527668392
36.71001023271087
40.99862934591191
0.0
39.86530660082986
52.66403878479265
37.44998977388384
26.011954254069703
27.02259478053196
40.09238280933748
27.8371140248737
57.58522372341493
42.168230079151456
26.068685953050057
18.454902999552086
35.28874007132015
14.674325870286506
57.06745777055999
34.68424956664041
0.0
34.68424956664041
35.084396956386854
21.675587956543275
38.09137041667079
57.18458251358622
10.894941063177564
17.763902679137345
37.32520505471941
47.311450755553246
56.263113859604786
56.263113859604786
39.331744211342986
45.92064719908953
53.85320573933765
54.72915485853102
28.254458151636115
57.418658700625656
48.245729949595386
24.091019405697274
20.025425676496546
14.380536030768907
55.7853798004205
24.471524002652657
31.170906522700687
25.420398704159453
9.220760154696826
24.794277351227223
10.355008441346563
24.688498672025876
19.262088948764355
20.712283627245494
27.322315104876438
30.294433520319085
29.809566132412602
25.474696332063235
37.159130918280844
37.159130918280844
69.52582546166497
69.52582546166497
69.52582546166497
69.52582546166497
29.41109216268563
34.535208372559445
35.46737855720081
43.73563625979241
0.0
74.06093667638122
40.188875403207
29.817921606791682
40.188875403207
27.521196871546945
19.51243848414558
67.30475510350806
93.64250605898114
39.47202737788138
28.98321723498461
17.89898550500511
57.67329314455439
28.822583341286013
37.54044292351264
29.456425448249245
35.29842483519502
0.0
33.932513407933634
20.15767529554973
18.159851048411724
0.0
53.70967420377648
67.6280565836631
49.31199296871942
19.48202342314681
19.48202342314681
42.16890913810254
0.0
36.51934656347456
23.20305803246989
28.273166897681122
47.10012314144844
31.69402623623359
45.59347343971524
41.16245235860851
51.003234295212685
61.65255292124369
24.81344735479839
42.07547719874772
61.65255292124369
57.268878018144
44.326667127485585
15.584042559947505
18.94020890042567
17.469916854752935
43.61721153425626
20.15767529554973
47.987820666906636
32.96231784099612
33.947349637953614
21.43764331134677
10.531383718143696
12.567463733028836
19.38341802345666
20.28736642487601
21.800193956058223
60.181549759984655
70.49592608322395
19.646263791724497
36.1938152731834
47.17991357336539
34.808771549778186
15.98227744194
44.89136764694348
24.231018504617253
47.792896573451614
18.798317647335086
6.6681998096558015
26.720054437686752
34.98761149110956
5.085648802787623
41.809266280936484
40.98094978791077
40.98094978791077
19.496072259757113
25.889305505292725
0.0
3.836022413844325
3.836022413844325
3.028412006971043
34.579137592374956
37.08163623065084
56.56248013632591
27.347676086869093
53.08492544859767
67.5316032742297
27.474558342153514
33.39087646492816
25.88173346314121
34.58242228304525
64.95354111080502
23.36193260824122
17.73433186375272
38.938362666627455
18.381726477695153
14.348256467210302
51.697315395717055
51.697315395717055
0.0
4.333316441262937
7.533898617399139
7.132693820115235
10.828691078300308
0.0
10.118527994944188
10.118527994944188
33.68020956312902
27.69794531499199
54.999551906448296
34.579137592374956
34.579137592374956
24.41969393190692
21.108091281876515
43.24227075463215
19.34486358201759
43.24227075463215
21.564465364359886
33.28317331701741
13.172009932805567
14.928735915870083
35.18151721437624
23.386786214190373
29.88565156407745
60.68410610880497
30.6273713095959
42.18427481900356
26.566347019982295
25.45984531673679
37.70929789171766
25.45984531673679
13.026735808755314
56.536361388340715
67.41942962447747
67.41942962447747
67.41942962447747
52.75855485130294
0.0
0.0
0.0
0.0
0.0
28.566348848099775
16.188613565728215
63.30748841488094
16.188613565728215
16.188613565728215
16.954661657256924
3.8346005977193163
0.0
0.0
34.579137592374956
0.0
14.569552280099257
22.641329219107583
18.207052811092137
24.202202208401857
22.80329427259157
27.748702735605825
27.748702735605825
0.0
25.86008521570707
21.37670067631943
17.0911781884361
35.02897220419963
67.31388340306188
30.499181280405185
35.27688387442488
19.62432651716911
55.8436019234981
37.69548217021577
63.04653238080633
21.908920773861066
21.617076687427343
20.87059965921943
61.916913497995004
63.0190855592386
31.04341548112785
29.226350039924515
25.720359841018293
33.10268270333974
17.626141826918033
9.496313598556736
0.0
65.53925769960415
7.917579173753698
22.076069962602553
18.002295252296605
26.831014095337935
25.867615499756745
34.38285666204713
46.793122417294455
17.144313363542878
16.476961139355428
16.541813475871315
38.761990534234066
38.761990534234066
30.099273730403393
16.691248653063433
24.04139467416986
52.69093256178795
25.807235260330792
62.087056757832805
18.923062890545154
18.923062890545154
24.004401132307688
53.665519791877514
24.586967976785353
38.82006753981307
14.523626605098835
18.676246336830427
30.978855537028267
61.35033222033444
39.73800697584402
61.35033222033444
68.2449197666817
57.834694546511436
31.288532293563886
25.078249401181896
28.175950490399515
69.64705665515707
27.52237037165825
41.217555354793824
61.60958329723646
58.13966444565967
60.51941316772782
48.63770319428469
48.45766087853281
34.00215619680846
23.421537955518403
48.45766087853281
22.48551522694519
13.56468155716958
23.599199943095183
15.781736167145032
26.274220930696345
15.858535204576924
49.13270548144421
36.792134250574414
53.16967153331754
0.0
15.31408178568083
7.2207827609664434
13.121453822527526
0.0
6.304100368535005
11.13035042356415
0.0
44.5267571116978
41.07267548317981
15.054258029693782
41.07267548317981
34.98104366465126
47.82215756494834
14.022191371570067
47.9676449968321
50.51184852541333
56.02926888650678
12.307489976291986
45.63369807994786
20.01460330094864
50.59216375630549
64.01057536486974
79.6279797541904
68.0846737809549
12.62744724314408
59.75676508976295
24.042591338025204
20.479107081040254
13.103637162119034
41.94586780383904
18.805954584781663
31.66934923219159
21.44945947847342
84.84362307460748
67.4945488826271
0.0
21.401603033752973
47.759025998813435
0.0
26.415140703895528
33.260249505555045
46.75667418121199
42.51768826212766
20.64216265585308
42.51768826212766
45.83034067124109
31.221045781262823
69.64705665515707
16.234815385998385
21.14971969209445
34.35622950417454
17.52299465462718
43.5949382480739
22.669342728183057
34.84824429053988
21.09461319347477
0.0
14.822877732945727
28.918094287434258
78.60753021519787
0.0
0.0
0.0
47.755862143029645
36.65882729601239
35.87619294807259
45.039050702207405
32.98158639661197
20.76357803471804
20.571127493069746
22.085177935123276
0.0
0.0
0.0
36.0056585428503
0.0
18.82724309552159
45.497521998600845
19.03289244293778
35.864179742032526
22.407508680204362
17.395797375642235
9.975783971221668
17.395797375642235
5.597774632890531
13.945297706117207
52.957934393077345
20.10537345406003
58.52773369025878
58.52773369025878
47.38884183220154
37.11335186021823
18.608008857318275
48.75889771998778
35.89485409071449
42.300118983868046
7.379114526441271
48.86103195703452
80.70557274927982
27.26617309061869
48.95040428210662
0.0
0.0
44.534504264163466
0.0
0.0
15.517759195573896
24.307681259739145
30.33420986619708
45.36022375272652
38.86527787239816
31.7023313852343
21.200626759025184
16.53776995249181
12.509436754462655
35.01045926416174
19.191133038143533
12.108195503885828
25.16441111691874
63.17498622799441
75.39352394200598
23.956565612760205
53.47727992448409
23.956565612760205
20.262887930436833
11.879466737809311
18.316544254853163
41.9468515826214
41.9468515826214
17.255344824422327
41.9468515826214
41.412387656655206
41.412387656655206
9.282187493577476
41.412387656655206
16.762174795388493
47.022156411316
48.73483706735273
40.46607227233544
43.472087194499146
36.62089223483898
51.47937696062376
13.046456390202287
33.4345509963986
11.735042137819192
26.69967574302422
0.0
0.0
17.395797375642235
0.0
23.830721458302328
38.67545442143664
0.0
30.56669533500378
22.407508680204362
20.99640321417121
6.280146327635523
38.89951489716793
47.631009147745075
14.4652649431633
64.70107100770991
12.377189355746061
19.24353094166866
0.0
71.02992180127423
71.02992180127423
11.133199362864278
0.0
35.846689280970864
0.0
35.66921666813208
19.33777951785688
32.88580454955831
27.249745234058675
31.420504922717058
65.33308367753452
53.88222776610068
42.42322313786144
39.307487936445575
47.311450755553246
16.475516456048457
0.0
22.17146487305182
0.0
29.15352736527062
17.990145409618545
30.603689509300896
30.29861725260632
36.81985997871234
49.52330116157305
54.71114295717522
62.714506188203735
62.714506188203735
31.33135737557803
62.714506188203735
66.25231057044074
47.88052435099893
50.6346181268566
40.652426747355406
48.102547592634615
54.47515151137466
46.22337169788051
0.0
49.664277761787545
73.03869312694913
11.37734046450557
20.25574841534528
25.45984531673679
25.45984531673679
24.078435074822625
25.45984531673679
46.939533359060206
15.851084082151345
31.961052204915124
44.58170412795888
10.99446413241824
31.197774494127113
24.124047014539045
25.083063184807884
29.120015286364936
63.483500424772686
17.94742704535724
35.64294481550449
43.240647541885764
32.83523032003999
39.46219284196971
52.020747813570324
69.11767741252598
28.574724536966578
32.82785777748782
55.52483043708419
23.142500851105837
23.69155484472954
0.0
27.073362211548464
44.803042738802716
42.461633178803446
23.706013516735144
42.461633178803446
45.783097036434654
48.13044661698256
0.0
67.9811467067201
29.545344242285676
43.626481543184745
45.311444004952925
8.373682586494525
40.89601472043678
16.79248220819089
12.970595349116138
13.410899172669552
14.82472851406972
46.23705465804425
58.352601681801595
71.2217391262642
0.0
25.916884628724656
26.199122988430013
37.903259135181486
15.263766210626317
35.705835125873996
0.0
22.45166162074563
25.099355361528
0.0
23.05089862656663
62.12866976489069
13.026971446552993
74.27399726667885
78.2878563712303
13.026971446552993
56.942407884662096
21.14214171430308
47.35230586211052
37.8926966341698
44.57834303038864
15.712458099633226
24.71438910378008
39.89849341102658
39.89849341102658
6.324799649380891
32.03759015876555
19.57867320037784
65.56397462101788
31.449494592022948
36.99382260470039
78.2878563712303
36.65882729601239
64.59962562244405
62.725173390140334
36.206160360190395
16.936221719371844
15.218879780216776
54.38653754915956
17.442336519744117
26.483895707387283
50.54091115759235
44.90332324149126
53.68792128020099
27.41229265391949
28.984970517277347
32.33824575540097
11.740100231004389
71.02992180127423
8.41214940478922
0.0
17.503041541015556
34.17379772560497
17.503041541015556
64.03535041729451
16.437183600289078
5.821398260709235
6.477880045131634
37.99178428257963
3.9383142696662246
7.1760764726050414
68.776383046087
29.873067677692177
38.54501214118697
28.961384478385142
38.54501214118697
13.805351096622124
13.452110548825669
10.123209729561214
13.714971174966237
7.496660873818636
22.976448323015276
37.38107017729138
0.0
34.39224482948369
26.61344053822834
0.0
0.0
0.0
18.4483733502461
0.0
49.30254492487352
64.44280974574026
46.625954410634506
64.44280974574026
54.54838213876383
0.0
17.566369369221597
15.181216783202627
0.0
9.242683479084892
42.68026586614966
31.645275923351985
61.00034457014365
64.85614278660144
45.358507282594154
0.0
59.91145703904115
23.346678779529455
26.988090720338658
32.802934634269654
9.825064519682583
19.136612620544266
58.13189627146943
58.13189627146943
4.513888363161316
60.988209603084464
66.76160043354594
66.76160043354594
42.59749448880236
33.29235361995844
13.11881001967925
37.12509439051105
38.01556631881471
35.816453493480914
32.701563101811374
7.293399865496819
23.90642039610441
49.84390309259902
14.198130429376294
5.707393832898828
17.28565698932757
30.576902884505113
27.94222708717587
11.553042398410119
30.576902884505113
15.316824552082009
29.47427115411685
25.36874028166337
52.75870333288971
0.0
35.34156642122564
0.0
12.425342874478343
13.515757490489507
16.899950539944232
0.0
41.9793811546288
19.19135258308481
30.83012995502152
46.99739598002697
64.79121525090147
48.63383168079943
13.706293843349538
64.79121525090147
7.296408484552054
35.93492686669217
52.18938641371461
25.266121754993826
38.38760709611889
68.59608405245413
5.326248859675776
0.0
3.9061885360696893
0.0
5.326248859675776
0.0
0.0
0.0
0.0
0.0
23.84543696109378
0.0
0.0
21.097199828987296
33.874503511718075
5.511944204682874
52.169395184459155
42.97815152944637
19.835441454182888
14.576846149722611
0.0
0.0
0.0
17.77835117834348
83.85766789076257
0.0
28.7684225084102
37.384161192113524
15.69556550012982
18.27443475086955
15.893701510061392
22.56575696793651
55.39074308220739
17.87537033869555
41.1191904789827
34.99489983180039
34.823528327578536
28.175950490399515
29.22860929341028
34.823528327578536
0.0
0.0
25.554507639829577
18.207052811092137
44.28500142691474
48.245729949595386
19.256286068911947
20.78438663439492
16.603641617493327
37.75432399924586
25.82682418390117
67.35760523151639
25.82682418390117
56.269333871181715
29.306249609578884
40.28998029112093
40.761288263875514
17.833605488906656
36.211269302816625
44.90332324149126
42.28047675456572
48.75889771998778
13.137909591106972
34.66745180304211
17.826569236695512
71.02992180127423
29.29940975907502
0.0
0.0
19.315361354073644
24.062718841066495
17.756934794717864
14.209361202508472
29.550432371218754
25.37450049063676
55.42793866785335
38.39230491221104
79.62432343472386
59.635843213583364
35.27821128702898
45.7507188843516
55.061631963134275
56.3531788741267
50.73653199759599
60.83037818014444
34.54259526919424
37.83230776309825
11.595071162902999
58.32012039914727
45.81248750640267
52.01154004814922
54.28586816526576
54.28586816526576
0.0
48.11446117041416
37.81509980461561
27.082193161248146
0.0
25.741207280838076
38.677062763523445
47.58733096412523
35.01558805245083
18.597658739155325
19.66462991805711
0.0
60.26080978557137
53.070741098514354
2.7004709614188354
53.070741098514354
53.070741098514354
58.79094915747982
58.79094915747982
41.35171000263379
23.033714072870662
41.35171000263379
42.311785416105785
0.0
8.898499138468955
8.668061741367673
7.561243785550159
34.98761149110956
7.007274427595714
4.091464973396164
0.0
7.554195769529196
13.355168149192718
39.655878552462596
34.98761149110956
19.62812256638541
0.0
40.89601472043678
0.0
0.0
24.402902432875525
27.885693565652343
6.45472323932643
0.0
0.0
0.0
32.82518529729175
31.79303998422513
0.0
73.08083047469718
43.50536091743609
26.941113883050345
24.015007289902353
40.08565305996453
45.564315151758755
22.407508680204362
35.87852650797916
11.142745325492303
19.76821683926521
6.626446199084948
0.0
12.695356746699272
27.53597837205349
21.608777081698605
40.9152573450914
42.90821325574283
31.121512740909218
60.98955218843852
40.865809714991464
52.034123534798894
40.43701046190647
65.72484646088462
41.81219513449647
26.34167602894203
50.724359020361376
55.97217617675743
24.106819339323003
15.333803928337334
52.02734691153391
42.375278835373074
33.81307292971254
42.375278835373074
35.955975361320206
25.983833013159884
27.74527633525211
20.840398385921596
48.29731484784205
29.18989744382245
36.0056585428503
36.0056585428503
21.647892270547224
38.53856918030314
31.931582351371883
25.34743707366162
31.747475711293127
0.0
33.38080021677297
16.63693114024534
48.245729949595386
55.73985766254519
18.613723495219446
31.87271473320672
25.556462215808303
25.34684260065973
16.601223899964918
34.886115336207105
27.720757489078256
57.83703043667594
37.05220247280205
34.43599014098773
25.921073462838983
38.30597817747975
37.44387052073659
29.589525905498736
42.736529994169025
28.013426212838787
42.736529994169025
23.97212592215149
14.81394578697113
15.774545980684188
23.97212592215149
29.053015331969945
22.520793542627988
26.518198508259744
57.22765767018962
57.22765767018962
57.22765767018962
22.249521978448197
25.422767839857936
46.89243888211724
23.756484796605406
30.66571159244352
27.351673283172506
20.901238979742836
35.631329069668766
47.9676449968321
17.694975149532556
42.57972643910969
21.849712035317275
51.76346692628243
21.849712035317275
54.37327030645983
16.336470131023162
32.988456635153355
24.669426816409512
0.0
22.117856823621686
34.565432327315804
42.35848360944118
27.42538685624326
0.0
34.72958194385379
42.84862433143768
45.33673923762743
47.42001651725144
55.353763340523955
41.69392927528885
16.96085203800003
25.336549464486463
41.69392927528885
24.584951537471017
38.945407996549946
20.64597158958983
40.20846134628388
52.51804760090414
38.945407996549946
39.68871731762989
27.9338283660721
31.073447763207785
0.0
48.88156258282175
46.93116584951996
22.894156860669913
49.473285974949746
31.53554052490132
52.66403878479265
39.80304924457956
31.728975552756143
14.548149160271754
19.765609300943975
31.356006812336346
27.776190340117914
0.0
0.0
5.979002145444452
6.554932163900556
31.487194005616814
34.26772111804814
57.859251300408545
41.883003756911705
41.883003756911705
11.978127002310638
64.75445426291286
85.07331335123524
85.07331335123524
13.622747998570354
7.241610625974254
55.936849159330734
55.936849159330734
32.34793325183462
26.50823155191419
49.202745153855076
32.37722713145643
0.0
16.451929399933107
12.686542614522295
22.75739588540211
10.317816432881056
39.142368944655374
72.59795291154771
34.5720784641941
0.0
51.697315395717055
0.0
51.697315395717055
12.25010067174659
14.091013853322703
0.0
18.97239201292529
0.0
54.54838213876383
49.30719269944242
74.40006427141954
51.81212746323438
54.54838213876383
34.28396531534605
65.77160909911662
31.169487953808627
47.847127975317484
57.18458251358622
17.897270120180245
20.61477352156375
20.61477352156375
49.40911248125205
18.576321175458812
78.60753021519787
2.7205420280521952
9.71390542765866
16.384868008627702
62.087056757832805
36.409302398068725
23.661528215726477
2.5298439872324394
2.4015095121125287
3.2022396228864443
0.0
10.317816432881056
0.0
7.867296646980705
0.0
29.361286432122874
22.416933501922287
21.87411438104692
0.0
22.416933501922287
16.092289990460092
17.069499078044373
43.53079599950014
51.003234295212685
16.27571539144815
33.143643610874314
50.04102109320762
44.4492897203408
30.542595281069485
58.30738459889046
32.90385879986622
17.226358000879273
34.791594751284464
85.07331335123524
19.470358014754513
10.802901845819912
26.584835766658777
26.584835766658777
12.491598968460197
26.584835766658777
0.0
52.018706344685526
31.55984539112945
29.847458960098226
17.12419336350908
28.290284672724734
23.287896954139942
23.014770168489193
21.20557975724289
23.30703080050753
22.118946643318562
22.416933501922287
20.028933956219277
15.598549449189022
0.0
0.0
0.0
0.0
0.0
0.0
55.86866243654258
21.141463569606643
33.649324423301515
32.37722713145643
17.609282679116184
0.0
0.0
13.320630643128755
29.996349323190508
29.996349323190508
9.442042219035168
11.123099774386704
62.55340042200862
0.0
54.48364887050657
57.67329314455439
49.03360660404042
45.76451405909342
56.604003250441245
72.74100375865741
28.287764210942807
0.0
48.75889771998778
48.75889771998778
42.28047675456572
20.760352580965527
21.82428160011418
24.389050849719787
39.3454937704783
39.3454937704783
46.26955906904872
33.378092253588726
46.26955906904872
31.356272540566387
46.26955906904872
24.150078680428955
16.978557081826434
39.862112494641075
15.428294621289062
15.096309235391239
32.37722713145643
32.37722713145643
35.761775972608895
19.626478781155523
20.979510677295696
37.28399245941657
37.878656125794805
51.283703648473455
43.61270252916615
32.51154895483439
52.409061321804884
17.26893278934251
37.02147551708336
0.0
41.30832872875905
0.0
20.899464921225164
25.596512477098948
4.157171092147419
0.0
51.2290592409413
19.476681308252697
25.162228443003
51.23513508287104
76.31223262784245
0.0
0.0
0.0
0.0
0.0
69.11767741252598
61.87756035661417
42.208860778490404
58.454273557428806
32.82785777748782
30.792267043029405
54.83828631735723
22.51376916177524
53.9605905312277
31.127000454989783