---------------------------------------------
P1 ROUGE-1 Average_R: 0.57149 (95%-conf.int. 0.55079 - 0.59293)
P1 ROUGE-1 Average_P: 0.54705 (95%-conf.int. 0.52710 - 0.56730)
P1 ROUGE-1 Average_F: 0.55654 (95%-conf.int. 0.53557 - 0.57688)
---------------------------------------------
P1 ROUGE-2 Average_R: 0.45244 (95%-conf.int. 0.42953 - 0.47537)
P1 ROUGE-2 Average_P: 0.43252 (95%-conf.int. 0.41110 - 0.45483)
P1 ROUGE-2 Average_F: 0.43981 (95%-conf.int. 0.41798 - 0.46175)
---------------------------------------------
P1 ROUGE-3 Average_R: 0.38042 (95%-conf.int. 0.35710 - 0.40442)
P1 ROUGE-3 Average_P: 0.36263 (95%-conf.int. 0.34075 - 0.38612)
P1 ROUGE-3 Average_F: 0.36870 (95%-conf.int. 0.34694 - 0.39194)
---------------------------------------------
P1 ROUGE-4 Average_R: 0.32227 (95%-conf.int. 0.29799 - 0.34607)
P1 ROUGE-4 Average_P: 0.30572 (95%-conf.int. 0.28394 - 0.32928)
P1 ROUGE-4 Average_F: 0.31095 (95%-conf.int. 0.28882 - 0.33418)
---------------------------------------------
P1 ROUGE-L Average_R: 0.55192 (95%-conf.int. 0.53047 - 0.57312)
P1 ROUGE-L Average_P: 0.52902 (95%-conf.int. 0.50910 - 0.54952)
P1 ROUGE-L Average_F: 0.53783 (95%-conf.int. 0.51707 - 0.55814)
---------------------------------------------
P1 ROUGE-W-1.2 Average_R: 0.32310 (95%-conf.int. 0.31073 - 0.33536)
P1 ROUGE-W-1.2 Average_P: 0.51358 (95%-conf.int. 0.49434 - 0.53330)
P1 ROUGE-W-1.2 Average_F: 0.39496 (95%-conf.int. 0.37960 - 0.40979)
---------------------------------------------
P1 ROUGE-S* Average_R: 0.37367 (95%-conf.int. 0.35085 - 0.39631)
P1 ROUGE-S* Average_P: 0.34708 (95%-conf.int. 0.32668 - 0.36852)
P1 ROUGE-S* Average_F: 0.35332 (95%-conf.int. 0.33172 - 0.37436)
---------------------------------------------
P1 ROUGE-SU* Average_R: 0.40409 (95%-conf.int. 0.38139 - 0.42681)
P1 ROUGE-SU* Average_P: 0.37653 (95%-conf.int. 0.35644 - 0.39769)
P1 ROUGE-SU* Average_F: 0.38360 (95%-conf.int. 0.36191 - 0.40471)